#
# There is insufficient memory for the Java Runtime Environment to continue.
# Native memory allocation (malloc) failed to allocate 65011712 bytes for committing reserved memory.
# Possible reasons:
#   The system is out of physical RAM or swap space
#   In 32 bit mode, the process size limit was hit
# Possible solutions:
#   Reduce memory load on the system
#   Increase physical memory or swap space
#   Check if swap backing store is full
#   Use 64 bit Java on a 64 bit OS
#   Decrease Java heap size (-Xmx/-Xms)
#   Decrease number of Java threads
#   Decrease Java thread stack sizes (-Xss)
#   Set larger code cache with -XX:ReservedCodeCacheSize=
# This output file may be truncated or incomplete.
#
#  Out of Memory Error (os_linux.cpp:2798), pid=6447, tid=140496594593536
#
# JRE version: OpenJDK Runtime Environment (7.0_75-b13) (build 1.7.0_75-b13)
# Java VM: OpenJDK 64-Bit Server VM (24.75-b04 mixed mode linux-amd64 compressed oops)
# Derivative: IcedTea 2.5.4
# Distribution: Ubuntu 14.04 LTS, package 7u75-2.5.4-1~trusty1
# Failed to write core dump. Core dumps have been disabled. To enable core dumping, try "ulimit -c unlimited" before starting Java again
#

---------------  T H R E A D  ---------------

Current thread (0x00007fc7f40f8800):  VMThread [stack: 0x00007fc7e98ce000,0x00007fc7e99cf000] [id=6462]

Stack: [0x00007fc7e98ce000,0x00007fc7e99cf000],  sp=0x00007fc7e99cd490,  free space=1021k
Native frames: (J=compiled Java code, j=interpreted, Vv=VM code, C=native code)
V  [libjvm.so+0x94a9d5]  VMError::report_and_die()+0x175
V  [libjvm.so+0x48b954]  report_vm_out_of_memory(char const*, int, unsigned long, char const*)+0x74
V  [libjvm.so+0x7c7b7b]  os::pd_commit_memory(char*, unsigned long, unsigned long, bool)+0xeb
V  [libjvm.so+0x7c263f]  os::commit_memory(char*, unsigned long, unsigned long, bool)+0x1f
V  [libjvm.so+0x834b1b]  PSVirtualSpace::expand_by(unsigned long)+0x5b
V  [libjvm.so+0x835970]  PSYoungGen::resize_generation(unsigned long, unsigned long)+0xb0
V  [libjvm.so+0x83605b]  PSYoungGen::resize(unsigned long, unsigned long)+0x1b
V  [libjvm.so+0x832340]  PSScavenge::invoke_no_policy()+0xde0
V  [libjvm.so+0x832b18]  PSScavenge::invoke()+0x38
V  [libjvm.so+0x7e9203]  ParallelScavengeHeap::failed_mem_allocate(unsigned long)+0x63
V  [libjvm.so+0x94c3d4]  VM_ParallelGCFailedAllocation::doit()+0x84
V  [libjvm.so+0x9508d7]  VM_Operation::evaluate()+0x47
V  [libjvm.so+0x94f248]  VMThread::evaluate_operation(VM_Operation*)+0x318
V  [libjvm.so+0x94f6a9]  VMThread::loop()+0x219
V  [libjvm.so+0x94faf2]  VMThread::run()+0x72
V  [libjvm.so+0x7c4a42]  java_start(Thread*)+0xf2

VM_Operation (0x00007fc7fb825460): ParallelGCFailedAllocation, mode: safepoint, requested by thread 0x00007fc7f400a000


---------------  P R O C E S S  ---------------

Java Threads: ( => current thread )
  0x00007fc7f4131800 JavaThread "Service Thread" daemon [_thread_blocked, id=6468, stack(0x00007fc7e8fff000,0x00007fc7e9100000)]
  0x00007fc7f412f000 JavaThread "C2 CompilerThread1" daemon [_thread_blocked, id=6467, stack(0x00007fc7e9100000,0x00007fc7e9201000)]
  0x00007fc7f412c000 JavaThread "C2 CompilerThread0" daemon [_thread_blocked, id=6466, stack(0x00007fc7e9201000,0x00007fc7e9302000)]
  0x00007fc7f412a000 JavaThread "Signal Dispatcher" daemon [_thread_blocked, id=6465, stack(0x00007fc7e9302000,0x00007fc7e9403000)]
  0x00007fc7f40fe800 JavaThread "Finalizer" daemon [_thread_blocked, id=6464, stack(0x00007fc7e96cc000,0x00007fc7e97cd000)]
  0x00007fc7f40fc800 JavaThread "Reference Handler" daemon [_thread_blocked, id=6463, stack(0x00007fc7e97cd000,0x00007fc7e98ce000)]
  0x00007fc7f400a000 JavaThread "main" [_thread_blocked, id=6457, stack(0x00007fc7fb726000,0x00007fc7fb827000)]

Other Threads:
=>0x00007fc7f40f8800 VMThread [stack: 0x00007fc7e98ce000,0x00007fc7e99cf000] [id=6462]
  0x00007fc7f4134000 WatcherThread [stack: 0x00007fc7e8efe000,0x00007fc7e8fff000] [id=6469]

VM state:at safepoint (normal execution)

VM Mutex/Monitor currently owned by a thread:  ([mutex/lock_event])
[0x00007fc7f4006800] Threads_lock - owner thread: 0x00007fc7f40f8800
[0x00007fc7f4006d00] Heap_lock - owner thread: 0x00007fc7f400a000

Heap
 PSYoungGen      total 73216K, used 10414K [0x00000000eaa80000, 0x00000000efd80000, 0x0000000100000000)
  eden space 61440K, 0% used [0x00000000eaa80000,0x00000000eaa80000,0x00000000ee680000)
  from space 11776K, 88% used [0x00000000ee680000,0x00000000ef0ab878,0x00000000ef200000)
  to   space 11776K, 0% used [0x00000000ef200000,0x00000000ef200000,0x00000000efd80000)
 ParOldGen       total 40960K, used 33230K [0x00000000c0000000, 0x00000000c2800000, 0x00000000eaa80000)
  object space 40960K, 81% used [0x00000000c0000000,0x00000000c2073948,0x00000000c2800000)
 PSPermGen       total 21504K, used 6700K [0x00000000b5a00000, 0x00000000b6f00000, 0x00000000c0000000)
  object space 21504K, 31% used [0x00000000b5a00000,0x00000000b608b088,0x00000000b6f00000)

Card table byte_map: [0x00007fc7f8119000,0x00007fc7f836d000] byte_map_base: 0x00007fc7f7b6c000

Polling page: 0x00007fc7fb84a000

Code Cache  [0x00007fc7f1000000, 0x00007fc7f1270000, 0x00007fc7f4000000)
 total_blobs=768 nmethods=520 adapters=201 free_code_cache=47591Kb largest_free_block=48697280

Compilation events (10 events):
Event: 15.066 Thread 0x00007fc7f412f000 nmethod 522 0x00007fc7f11748d0 code [0x00007fc7f1174a40, 0x00007fc7f1174d98]
Event: 15.067 Thread 0x00007fc7f412f000  523             com.android.dx.io.instructions.ShortArrayCodeInput::readInt (17 bytes)
Event: 15.068 Thread 0x00007fc7f412f000 nmethod 523 0x00007fc7f1187510 code [0x00007fc7f1187660, 0x00007fc7f1187738]
Event: 15.068 Thread 0x00007fc7f412f000  524             com.android.dx.merge.DexMerger$2::read (8 bytes)
Event: 15.075 Thread 0x00007fc7f412f000 nmethod 524 0x00007fc7f1176350 code [0x00007fc7f11764e0, 0x00007fc7f11767c8]
Event: 15.075 Thread 0x00007fc7f412f000  525             com.android.dx.merge.DexMerger$2::read (16 bytes)
Event: 15.080 Thread 0x00007fc7f412f000 nmethod 525 0x00007fc7f1175a90 code [0x00007fc7f1175c20, 0x00007fc7f1175f08]
Event: 15.080 Thread 0x00007fc7f412f000  526             com.android.dx.merge.DexMerger$2::updateIndex (50 bytes)
Event: 15.081 Thread 0x00007fc7f412f000 nmethod 526 0x00007fc7f1175790 code [0x00007fc7f11758e0, 0x00007fc7f1175998]
Event: 15.081 Thread 0x00007fc7f412f000  527             com.android.dx.merge.DexMerger$2::write (9 bytes)

GC Heap History (10 events):
Event: 9.995 GC heap after
Heap after GC invocations=2 (full 0):
 PSYoungGen      total 17920K, used 2560K [0x00000000eaa80000, 0x00000000ebe80000, 0x0000000100000000)
  eden space 15360K, 0% used [0x00000000eaa80000,0x00000000eaa80000,0x00000000eb980000)
  from space 2560K, 100% used [0x00000000ebc00000,0x00000000ebe80000,0x00000000ebe80000)
  to   space 2560K, 0% used [0x00000000eb980000,0x00000000eb980000,0x00000000ebc00000)
 ParOldGen       total 40960K, used 8686K [0x00000000c0000000, 0x00000000c2800000, 0x00000000eaa80000)
  object space 40960K, 21% used [0x00000000c0000000,0x00000000c087b9c8,0x00000000c2800000)
 PSPermGen       total 21504K, used 5216K [0x00000000b5a00000, 0x00000000b6f00000, 0x00000000c0000000)
  object space 21504K, 24% used [0x00000000b5a00000,0x00000000b5f18010,0x00000000b6f00000)
}
Event: 10.954 GC heap before
{Heap before GC invocations=3 (full 0):
 PSYoungGen      total 17920K, used 17920K [0x00000000eaa80000, 0x00000000ebe80000, 0x0000000100000000)
  eden space 15360K, 100% used [0x00000000eaa80000,0x00000000eb980000,0x00000000eb980000)
  from space 2560K, 100% used [0x00000000ebc00000,0x00000000ebe80000,0x00000000ebe80000)
  to   space 2560K, 0% used [0x00000000eb980000,0x00000000eb980000,0x00000000ebc00000)
 ParOldGen       total 40960K, used 8686K [0x00000000c0000000, 0x00000000c2800000, 0x00000000eaa80000)
  object space 40960K, 21% used [0x00000000c0000000,0x00000000c087b9c8,0x00000000c2800000)
 PSPermGen       total 21504K, used 5474K [0x00000000b5a00000, 0x00000000b6f00000, 0x00000000c0000000)
  object space 21504K, 25% used [0x00000000b5a00000,0x00000000b5f58a48,0x00000000b6f00000)
Event: 10.981 GC heap after
Heap after GC invocations=3 (full 0):
 PSYoungGen      total 17920K, used 2514K [0x00000000eaa80000, 0x00000000ecd80000, 0x0000000100000000)
  eden space 15360K, 0% used [0x00000000eaa80000,0x00000000eaa80000,0x00000000eb980000)
  from space 2560K, 98% used [0x00000000eb980000,0x00000000ebbf4b40,0x00000000ebc00000)
  to   space 2560K, 0% used [0x00000000ecb00000,0x00000000ecb00000,0x00000000ecd80000)
 ParOldGen       total 40960K, used 16739K [0x00000000c0000000, 0x00000000c2800000, 0x00000000eaa80000)
  object space 40960K, 40% used [0x00000000c0000000,0x00000000c1058f10,0x00000000c2800000)
 PSPermGen       total 21504K, used 5474K [0x00000000b5a00000, 0x00000000b6f00000, 0x00000000c0000000)
  object space 21504K, 25% used [0x00000000b5a00000,0x00000000b5f58a48,0x00000000b6f00000)
}
Event: 13.643 GC heap before
{Heap before GC invocations=4 (full 0):
 PSYoungGen      total 17920K, used 17874K [0x00000000eaa80000, 0x00000000ecd80000, 0x0000000100000000)
  eden space 15360K, 100% used [0x00000000eaa80000,0x00000000eb980000,0x00000000eb980000)
  from space 2560K, 98% used [0x00000000eb980000,0x00000000ebbf4b40,0x00000000ebc00000)
  to   space 2560K, 0% used [0x00000000ecb00000,0x00000000ecb00000,0x00000000ecd80000)
 ParOldGen       total 40960K, used 16739K [0x00000000c0000000, 0x00000000c2800000, 0x00000000eaa80000)
  object space 40960K, 40% used [0x00000000c0000000,0x00000000c1058f10,0x00000000c2800000)
 PSPermGen       total 21504K, used 6627K [0x00000000b5a00000, 0x00000000b6f00000, 0x00000000c0000000)
  object space 21504K, 30% used [0x00000000b5a00000,0x00000000b6078ef8,0x00000000b6f00000)
Event: 13.655 GC heap after
Heap after GC invocations=4 (full 0):
 PSYoungGen      total 33280K, used 2546K [0x00000000eaa80000, 0x00000000ecd80000, 0x0000000100000000)
  eden space 30720K, 0% used [0x00000000eaa80000,0x00000000eaa80000,0x00000000ec880000)
  from space 2560K, 99% used [0x00000000ecb00000,0x00000000ecd7cb58,0x00000000ecd80000)
  to   space 2560K, 0% used [0x00000000ec880000,0x00000000ec880000,0x00000000ecb00000)
 ParOldGen       total 40960K, used 19040K [0x00000000c0000000, 0x00000000c2800000, 0x00000000eaa80000)
  object space 40960K, 46% used [0x00000000c0000000,0x00000000c1298230,0x00000000c2800000)
 PSPermGen       total 21504K, used 6627K [0x00000000b5a00000, 0x00000000b6f00000, 0x00000000c0000000)
  object space 21504K, 30% used [0x00000000b5a00000,0x00000000b6078ef8,0x00000000b6f00000)
}
Event: 14.280 GC heap before
{Heap before GC invocations=5 (full 0):
 PSYoungGen      total 33280K, used 33266K [0x00000000eaa80000, 0x00000000ecd80000, 0x0000000100000000)
  eden space 30720K, 100% used [0x00000000eaa80000,0x00000000ec880000,0x00000000ec880000)
  from space 2560K, 99% used [0x00000000ecb00000,0x00000000ecd7cb58,0x00000000ecd80000)
  to   space 2560K, 0% used [0x00000000ec880000,0x00000000ec880000,0x00000000ecb00000)
 ParOldGen       total 40960K, used 19040K [0x00000000c0000000, 0x00000000c2800000, 0x00000000eaa80000)
  object space 40960K, 46% used [0x00000000c0000000,0x00000000c1298230,0x00000000c2800000)
 PSPermGen       total 21504K, used 6667K [0x00000000b5a00000, 0x00000000b6f00000, 0x00000000c0000000)
  object space 21504K, 31% used [0x00000000b5a00000,0x00000000b6082c80,0x00000000b6f00000)
Event: 14.295 GC heap after
Heap after GC invocations=5 (full 0):
 PSYoungGen      total 33280K, used 2528K [0x00000000eaa80000, 0x00000000efd80000, 0x0000000100000000)
  eden space 30720K, 0% used [0x00000000eaa80000,0x00000000eaa80000,0x00000000ec880000)
  from space 2560K, 98% used [0x00000000ec880000,0x00000000ecaf8018,0x00000000ecb00000)
  to   space 11776K, 0% used [0x00000000ef200000,0x00000000ef200000,0x00000000efd80000)
 ParOldGen       total 40960K, used 27625K [0x00000000c0000000, 0x00000000c2800000, 0x00000000eaa80000)
  object space 40960K, 67% used [0x00000000c0000000,0x00000000c1afa4b8,0x00000000c2800000)
 PSPermGen       total 21504K, used 6667K [0x00000000b5a00000, 0x00000000b6f00000, 0x00000000c0000000)
  object space 21504K, 31% used [0x00000000b5a00000,0x00000000b6082c80,0x00000000b6f00000)
}
Event: 14.611 GC heap before
{Heap before GC invocations=6 (full 0):
 PSYoungGen      total 33280K, used 33248K [0x00000000eaa80000, 0x00000000efd80000, 0x0000000100000000)
  eden space 30720K, 100% used [0x00000000eaa80000,0x00000000ec880000,0x00000000ec880000)
  from space 2560K, 98% used [0x00000000ec880000,0x00000000ecaf8018,0x00000000ecb00000)
  to   space 11776K, 0% used [0x00000000ef200000,0x00000000ef200000,0x00000000efd80000)
 ParOldGen       total 40960K, used 27625K [0x00000000c0000000, 0x00000000c2800000, 0x00000000eaa80000)
  object space 40960K, 67% used [0x00000000c0000000,0x00000000c1afa4b8,0x00000000c2800000)
 PSPermGen       total 21504K, used 6684K [0x00000000b5a00000, 0x00000000b6f00000, 0x00000000c0000000)
  object space 21504K, 31% used [0x00000000b5a00000,0x00000000b60870e0,0x00000000b6f00000)
Event: 14.651 GC heap after
Heap after GC invocations=6 (full 0):
 PSYoungGen      total 73216K, used 7971K [0x00000000eaa80000, 0x00000000efd80000, 0x0000000100000000)
  eden space 61440K, 0% used [0x00000000eaa80000,0x00000000eaa80000,0x00000000ee680000)
  from space 11776K, 67% used [0x00000000ef200000,0x00000000ef9c8c90,0x00000000efd80000)
  to   space 11776K, 0% used [0x00000000ee680000,0x00000000ee680000,0x00000000ef200000)
 ParOldGen       total 40960K, used 27625K [0x00000000c0000000, 0x00000000c2800000, 0x00000000eaa80000)
  object space 40960K, 67% used [0x00000000c0000000,0x00000000c1afa4b8,0x00000000c2800000)
 PSPermGen       total 21504K, used 6684K [0x00000000b5a00000, 0x00000000b6f00000, 0x00000000c0000000)
  object space 21504K, 31% used [0x00000000b5a00000,0x00000000b60870e0,0x00000000b6f00000)
}
Event: 15.086 GC heap before
{Heap before GC invocations=7 (full 0):
 PSYoungGen      total 73216K, used 69411K [0x00000000eaa80000, 0x00000000efd80000, 0x0000000100000000)
  eden space 61440K, 100% used [0x00000000eaa80000,0x00000000ee680000,0x00000000ee680000)
  from space 11776K, 67% used [0x00000000ef200000,0x00000000ef9c8c90,0x00000000efd80000)
  to   space 11776K, 0% used [0x00000000ee680000,0x00000000ee680000,0x00000000ef200000)
 ParOldGen       total 40960K, used 27625K [0x00000000c0000000, 0x00000000c2800000, 0x00000000eaa80000)
  object space 40960K, 67% used [0x00000000c0000000,0x00000000c1afa4b8,0x00000000c2800000)
 PSPermGen       total 21504K, used 6700K [0x00000000b5a00000, 0x00000000b6f00000, 0x00000000c0000000)
  object space 21504K, 31% used [0x00000000b5a00000,0x00000000b608b088,0x00000000b6f00000)

Deoptimization events (10 events):
Event: 10.786 Thread 0x00007fc7f400a000 Uncommon trap: reason=class_check action=maybe_recompile pc=0x00007fc7f10d346c method=com.android.dx.rop.code.RegisterSpec.getType()Lcom/android/dx/rop/type/Type; @ 4
Event: 10.813 Thread 0x00007fc7f400a000 Uncommon trap: reason=class_check action=maybe_recompile pc=0x00007fc7f10d346c method=com.android.dx.rop.code.RegisterSpec.getType()Lcom/android/dx/rop/type/Type; @ 4
Event: 12.423 Thread 0x00007fc7f400a000 Uncommon trap: reason=class_check action=maybe_recompile pc=0x00007fc7f10e97a4 method=com.android.dex.Leb128.writeUnsignedLeb128(Lcom/android/dex/util/ByteOutput;I)V @ 40
Event: 12.423 Thread 0x00007fc7f400a000 Uncommon trap: reason=class_check action=maybe_recompile pc=0x00007fc7f10e97a4 method=com.android.dex.Leb128.writeUnsignedLeb128(Lcom/android/dex/util/ByteOutput;I)V @ 40
Event: 12.423 Thread 0x00007fc7f400a000 Uncommon trap: reason=class_check action=maybe_recompile pc=0x00007fc7f10e97a4 method=com.android.dex.Leb128.writeUnsignedLeb128(Lcom/android/dex/util/ByteOutput;I)V @ 40
Event: 12.423 Thread 0x00007fc7f400a000 Uncommon trap: reason=class_check action=maybe_recompile pc=0x00007fc7f10e97a4 method=com.android.dex.Leb128.writeUnsignedLeb128(Lcom/android/dex/util/ByteOutput;I)V @ 40
Event: 13.228 Thread 0x00007fc7f400a000 Uncommon trap: reason=predicate action=maybe_recompile pc=0x00007fc7f10fc610 method=com.android.dex.Leb128.readUnsignedLeb128(Lcom/android/dex/util/ByteInput;)I @ 41
Event: 13.338 Thread 0x00007fc7f400a000 Uncommon trap: reason=unreached action=reinterpret pc=0x00007fc7f110ba50 method=com.android.dx.merge.DexMerger$IdMerger.mergeSorted()V @ 261
Event: 14.414 Thread 0x00007fc7f400a000 Uncommon trap: reason=predicate action=maybe_recompile pc=0x00007fc7f114317c method=java.util.ComparableTimSort.binarySort([Ljava/lang/Object;III)V @ 37
Event: 14.839 Thread 0x00007fc7f400a000 Uncommon trap: reason=array_check action=maybe_recompile pc=0x00007fc7f11726d0 method=java.util.ComparableTimSort.binarySort([Ljava/lang/Object;III)V @ 193

Internal exceptions (10 events):
Event: 12.669 Thread 0x00007fc7f400a000 Threw 0x00000000eadb6e78 at /build/buildd/openjdk-7-7u75-2.5.4/build/openjdk/hotspot/src/share/vm/prims/jvm.cpp:1284
Event: 12.670 Thread 0x00007fc7f400a000 Threw 0x00000000eadbac18 at /build/buildd/openjdk-7-7u75-2.5.4/build/openjdk/hotspot/src/share/vm/prims/jvm.cpp:1284
Event: 12.670 Thread 0x00007fc7f400a000 Threw 0x00000000eadbeb08 at /build/buildd/openjdk-7-7u75-2.5.4/build/openjdk/hotspot/src/share/vm/prims/jvm.cpp:1284
Event: 12.672 Thread 0x00007fc7f400a000 Threw 0x00000000eadc4bf8 at /build/buildd/openjdk-7-7u75-2.5.4/build/openjdk/hotspot/src/share/vm/prims/jvm.cpp:1284
Event: 12.673 Thread 0x00007fc7f400a000 Threw 0x00000000eadc87f0 at /build/buildd/openjdk-7-7u75-2.5.4/build/openjdk/hotspot/src/share/vm/prims/jvm.cpp:1284
Event: 12.673 Thread 0x00007fc7f400a000 Threw 0x00000000eadcc5e0 at /build/buildd/openjdk-7-7u75-2.5.4/build/openjdk/hotspot/src/share/vm/prims/jvm.cpp:1284
Event: 12.674 Thread 0x00007fc7f400a000 Threw 0x00000000eadd0138 at /build/buildd/openjdk-7-7u75-2.5.4/build/openjdk/hotspot/src/share/vm/prims/jvm.cpp:1284
Event: 12.677 Thread 0x00007fc7f400a000 Threw 0x00000000eadd7a70 at /build/buildd/openjdk-7-7u75-2.5.4/build/openjdk/hotspot/src/share/vm/prims/jvm.cpp:1284
Event: 12.677 Thread 0x00007fc7f400a000 Threw 0x00000000eadda738 at /build/buildd/openjdk-7-7u75-2.5.4/build/openjdk/hotspot/src/share/vm/prims/jvm.cpp:1284
Event: 13.840 Thread 0x00007fc7f400a000 Threw 0x00000000eb182750 at /build/buildd/openjdk-7-7u75-2.5.4/build/openjdk/hotspot/src/share/vm/prims/jvm.cpp:1284

Events (10 events):
Event: 14.360 Thread 0x00007fc7f412f000 flushing nmethod 0x00007fc7f10d32d0
Event: 14.414 Thread 0x00007fc7f400a000 Uncommon trap: trap_request=0xffffff86 fr.pc=0x00007fc7f114317c
Event: 14.415 Thread 0x00007fc7f400a000 DEOPT PACKING pc=0x00007fc7f114317c sp=0x00007fc7fb825440
Event: 14.415 Thread 0x00007fc7f400a000 DEOPT UNPACKING pc=0x00007fc7f1039045 sp=0x00007fc7fb825430 mode 2
Event: 14.611 Executing VM operation: ParallelGCFailedAllocation
Event: 14.651 Executing VM operation: ParallelGCFailedAllocation done
Event: 14.839 Thread 0x00007fc7f400a000 Uncommon trap: trap_request=0xffffffd6 fr.pc=0x00007fc7f11726d0
Event: 14.839 Thread 0x00007fc7f400a000 DEOPT PACKING pc=0x00007fc7f11726d0 sp=0x00007fc7fb825440
Event: 14.839 Thread 0x00007fc7f400a000 DEOPT UNPACKING pc=0x00007fc7f1039045 sp=0x00007fc7fb825418 mode 2
Event: 15.086 Executing VM operation: ParallelGCFailedAllocation


Dynamic libraries:
00400000-00401000 r-xp 00000000 08:05 1049054                            /usr/lib/jvm/java-7-openjdk-amd64/jre/bin/java
00600000-00601000 r--p 00000000 08:05 1049054                            /usr/lib/jvm/java-7-openjdk-amd64/jre/bin/java
00601000-00602000 rw-p 00001000 08:05 1049054                            /usr/lib/jvm/java-7-openjdk-amd64/jre/bin/java
00d51000-00d72000 rw-p 00000000 00:00 0                                  [heap]
b5a00000-b6f00000 rw-p 00000000 00:00 0 
b6f00000-c0000000 rw-p 00000000 00:00 0 
c0000000-c2800000 rw-p 00000000 00:00 0 
c2800000-eaa80000 rw-p 00000000 00:00 0 
eaa80000-efd80000 rw-p 00000000 00:00 0 
f3b80000-100000000 rw-p 00000000 00:00 0 
7fc7c0000000-7fc7c0021000 rw-p 00000000 00:00 0 
7fc7c0021000-7fc7c4000000 ---p 00000000 00:00 0 
7fc7c761b000-7fc7c777c000 rw-p 00000000 00:00 0 
7fc7c777c000-7fc7c77b9000 r-xp 00000000 08:05 659938                     /lib/x86_64-linux-gnu/libpcre.so.3.13.1
7fc7c77b9000-7fc7c79b8000 ---p 0003d000 08:05 659938                     /lib/x86_64-linux-gnu/libpcre.so.3.13.1
7fc7c79b8000-7fc7c79b9000 r--p 0003c000 08:05 659938                     /lib/x86_64-linux-gnu/libpcre.so.3.13.1
7fc7c79b9000-7fc7c79ba000 rw-p 0003d000 08:05 659938                     /lib/x86_64-linux-gnu/libpcre.so.3.13.1
7fc7c79ba000-7fc7c79c1000 r-xp 00000000 08:05 928278                     /usr/lib/x86_64-linux-gnu/libffi.so.6.0.1
7fc7c79c1000-7fc7c7bc0000 ---p 00007000 08:05 928278                     /usr/lib/x86_64-linux-gnu/libffi.so.6.0.1
7fc7c7bc0000-7fc7c7bc1000 r--p 00006000 08:05 928278                     /usr/lib/x86_64-linux-gnu/libffi.so.6.0.1
7fc7c7bc1000-7fc7c7bc2000 rw-p 00007000 08:05 928278                     /usr/lib/x86_64-linux-gnu/libffi.so.6.0.1
7fc7c7bc2000-7fc7c7bd9000 r-xp 00000000 08:05 655390                     /lib/x86_64-linux-gnu/libresolv-2.19.so
7fc7c7bd9000-7fc7c7dd9000 ---p 00017000 08:05 655390                     /lib/x86_64-linux-gnu/libresolv-2.19.so
7fc7c7dd9000-7fc7c7dda000 r--p 00017000 08:05 655390                     /lib/x86_64-linux-gnu/libresolv-2.19.so
7fc7c7dda000-7fc7c7ddb000 rw-p 00018000 08:05 655390                     /lib/x86_64-linux-gnu/libresolv-2.19.so
7fc7c7ddb000-7fc7c7ddd000 rw-p 00000000 00:00 0 
7fc7c7ddd000-7fc7c7dfd000 r-xp 00000000 08:05 659965                     /lib/x86_64-linux-gnu/libselinux.so.1
7fc7c7dfd000-7fc7c7ffc000 ---p 00020000 08:05 659965                     /lib/x86_64-linux-gnu/libselinux.so.1
7fc7c7ffc000-7fc7c7ffd000 r--p 0001f000 08:05 659965                     /lib/x86_64-linux-gnu/libselinux.so.1
7fc7c7ffd000-7fc7c7ffe000 rw-p 00020000 08:05 659965                     /lib/x86_64-linux-gnu/libselinux.so.1
7fc7c7ffe000-7fc7c8000000 rw-p 00000000 00:00 0 
7fc7c8000000-7fc7c8bb8000 rw-p 00000000 00:00 0 
7fc7c8bb8000-7fc7cc000000 ---p 00000000 00:00 0 
7fc7cc000000-7fc7cc021000 rw-p 00000000 00:00 0 
7fc7cc021000-7fc7d0000000 ---p 00000000 00:00 0 
7fc7d0000000-7fc7d0021000 rw-p 00000000 00:00 0 
7fc7d0021000-7fc7d4000000 ---p 00000000 00:00 0 
7fc7d4000000-7fc7d4c89000 rw-p 00000000 00:00 0 
7fc7d4c89000-7fc7d8000000 ---p 00000000 00:00 0 
7fc7d8000000-7fc7d8021000 rw-p 00000000 00:00 0 
7fc7d8021000-7fc7dc000000 ---p 00000000 00:00 0 
7fc7dc000000-7fc7dc021000 rw-p 00000000 00:00 0 
7fc7dc021000-7fc7e0000000 ---p 00000000 00:00 0 
7fc7e0000000-7fc7e00e1000 rw-p 00000000 00:00 0 
7fc7e00e1000-7fc7e4000000 ---p 00000000 00:00 0 
7fc7e4000000-7fc7e4021000 rw-p 00000000 00:00 0 
7fc7e4021000-7fc7e8000000 ---p 00000000 00:00 0 
7fc7e8004000-7fc7e8007000 r-xp 00000000 08:05 928412                     /usr/lib/x86_64-linux-gnu/libgmodule-2.0.so.0.4002.0
7fc7e8007000-7fc7e8206000 ---p 00003000 08:05 928412                     /usr/lib/x86_64-linux-gnu/libgmodule-2.0.so.0.4002.0
7fc7e8206000-7fc7e8207000 r--p 00002000 08:05 928412                     /usr/lib/x86_64-linux-gnu/libgmodule-2.0.so.0.4002.0
7fc7e8207000-7fc7e8208000 rw-p 00003000 08:05 928412                     /usr/lib/x86_64-linux-gnu/libgmodule-2.0.so.0.4002.0
7fc7e8208000-7fc7e830e000 r-xp 00000000 08:05 659865                     /lib/x86_64-linux-gnu/libglib-2.0.so.0.4002.0
7fc7e830e000-7fc7e850d000 ---p 00106000 08:05 659865                     /lib/x86_64-linux-gnu/libglib-2.0.so.0.4002.0
7fc7e850d000-7fc7e850e000 r--p 00105000 08:05 659865                     /lib/x86_64-linux-gnu/libglib-2.0.so.0.4002.0
7fc7e850e000-7fc7e850f000 rw-p 00106000 08:05 659865                     /lib/x86_64-linux-gnu/libglib-2.0.so.0.4002.0
7fc7e850f000-7fc7e8510000 rw-p 00000000 00:00 0 
7fc7e8510000-7fc7e855f000 r-xp 00000000 08:05 928436                     /usr/lib/x86_64-linux-gnu/libgobject-2.0.so.0.4002.0
7fc7e855f000-7fc7e875f000 ---p 0004f000 08:05 928436                     /usr/lib/x86_64-linux-gnu/libgobject-2.0.so.0.4002.0
7fc7e875f000-7fc7e8760000 r--p 0004f000 08:05 928436                     /usr/lib/x86_64-linux-gnu/libgobject-2.0.so.0.4002.0
7fc7e8760000-7fc7e8761000 rw-p 00050000 08:05 928436                     /usr/lib/x86_64-linux-gnu/libgobject-2.0.so.0.4002.0
7fc7e8761000-7fc7e88cd000 r-xp 00000000 08:05 928396                     /usr/lib/x86_64-linux-gnu/libgio-2.0.so.0.4002.0
7fc7e88cd000-7fc7e8acc000 ---p 0016c000 08:05 928396                     /usr/lib/x86_64-linux-gnu/libgio-2.0.so.0.4002.0
7fc7e8acc000-7fc7e8ad0000 r--p 0016b000 08:05 928396                     /usr/lib/x86_64-linux-gnu/libgio-2.0.so.0.4002.0
7fc7e8ad0000-7fc7e8ad2000 rw-p 0016f000 08:05 928396                     /usr/lib/x86_64-linux-gnu/libgio-2.0.so.0.4002.0
7fc7e8ad2000-7fc7e8ad4000 rw-p 00000000 00:00 0 
7fc7e8ad4000-7fc7e8aeb000 r-xp 00000000 08:05 1049006                    /usr/lib/jvm/java-7-openjdk-amd64/jre/lib/amd64/libnet.so
7fc7e8aeb000-7fc7e8cea000 ---p 00017000 08:05 1049006                    /usr/lib/jvm/java-7-openjdk-amd64/jre/lib/amd64/libnet.so
7fc7e8cea000-7fc7e8ceb000 r--p 00016000 08:05 1049006                    /usr/lib/jvm/java-7-openjdk-amd64/jre/lib/amd64/libnet.so
7fc7e8ceb000-7fc7e8cec000 rw-p 00017000 08:05 1049006                    /usr/lib/jvm/java-7-openjdk-amd64/jre/lib/amd64/libnet.so
7fc7e8cec000-7fc7e8cfc000 r-xp 00000000 08:05 1049001                    /usr/lib/jvm/java-7-openjdk-amd64/jre/lib/amd64/libnio.so
7fc7e8cfc000-7fc7e8efc000 ---p 00010000 08:05 1049001                    /usr/lib/jvm/java-7-openjdk-amd64/jre/lib/amd64/libnio.so
7fc7e8efc000-7fc7e8efd000 r--p 00010000 08:05 1049001                    /usr/lib/jvm/java-7-openjdk-amd64/jre/lib/amd64/libnio.so
7fc7e8efd000-7fc7e8efe000 rw-p 00011000 08:05 1049001                    /usr/lib/jvm/java-7-openjdk-amd64/jre/lib/amd64/libnio.so
7fc7e8efe000-7fc7e8eff000 ---p 00000000 00:00 0 
7fc7e8eff000-7fc7e8fff000 rw-p 00000000 00:00 0                          [stack:6469]
7fc7e8fff000-7fc7e9002000 ---p 00000000 00:00 0 
7fc7e9002000-7fc7e9100000 rw-p 00000000 00:00 0                          [stack:6468]
7fc7e9100000-7fc7e9103000 ---p 00000000 00:00 0 
7fc7e9103000-7fc7e9201000 rw-p 00000000 00:00 0                          [stack:6467]
7fc7e9201000-7fc7e9204000 ---p 00000000 00:00 0 
7fc7e9204000-7fc7e9302000 rw-p 00000000 00:00 0                          [stack:6466]
7fc7e9302000-7fc7e9305000 ---p 00000000 00:00 0 
7fc7e9305000-7fc7e9403000 rw-p 00000000 00:00 0                          [stack:6465]
7fc7e9403000-7fc7e96cc000 r--p 00000000 08:05 925973                     /usr/lib/locale/locale-archive
7fc7e96cc000-7fc7e96cf000 ---p 00000000 00:00 0 
7fc7e96cf000-7fc7e97cd000 rw-p 00000000 00:00 0                          [stack:6464]
7fc7e97cd000-7fc7e97d0000 ---p 00000000 00:00 0 
7fc7e97d0000-7fc7e98ce000 rw-p 00000000 00:00 0                          [stack:6463]
7fc7e98ce000-7fc7e98cf000 ---p 00000000 00:00 0 
7fc7e98cf000-7fc7ec000000 rw-p 00000000 00:00 0                          [stack:6462]
7fc7ec000000-7fc7ec021000 rw-p 00000000 00:00 0 
7fc7ec021000-7fc7f0000000 ---p 00000000 00:00 0 
7fc7f0025000-7fc7f082d000 rw-p 00000000 00:00 0 
7fc7f082d000-7fc7f09df000 r--s 01d23000 08:05 1048968                    /usr/lib/jvm/java-7-openjdk-amd64/jre/lib/rt.jar
7fc7f09df000-7fc7f0ca8000 rw-p 00000000 00:00 0 
7fc7f0ca8000-7fc7f0ca9000 ---p 00000000 00:00 0 
7fc7f0ca9000-7fc7f0da9000 rw-p 00000000 00:00 0                          [stack:6460]
7fc7f0da9000-7fc7f0daa000 ---p 00000000 00:00 0 
7fc7f0daa000-7fc7f0ebe000 rw-p 00000000 00:00 0                          [stack:6459]
7fc7f0ebe000-7fc7f1000000 rw-p 00000000 00:00 0 
7fc7f1000000-7fc7f1270000 rwxp 00000000 00:00 0 
7fc7f1270000-7fc7f42db000 rw-p 00000000 00:00 0 
7fc7f42db000-7fc7f8000000 ---p 00000000 00:00 0 
7fc7f800f000-7fc7f8013000 r--s 0004d000 08:05 1048990                    /usr/lib/jvm/java-7-openjdk-amd64/jre/lib/jsse.jar
7fc7f8013000-7fc7f8022000 r--s 000dd000 08:06 787246                     /home/mastrgamr/Documents/android-sdk/build-tools/21.1.2/lib/dx.jar
7fc7f8022000-7fc7f80d1000 rw-p 00000000 00:00 0 
7fc7f80d1000-7fc7f8119000 rw-p 00000000 00:00 0 
7fc7f8119000-7fc7f8124000 rw-p 00000000 00:00 0 
7fc7f8124000-7fc7f816c000 rw-p 00000000 00:00 0 
7fc7f816c000-7fc7f8180000 rw-p 00000000 00:00 0 
7fc7f8180000-7fc7f82c1000 rw-p 00000000 00:00 0 
7fc7f82c1000-7fc7f82eb000 rw-p 00000000 00:00 0 
7fc7f82eb000-7fc7f836c000 rw-p 00000000 00:00 0 
7fc7f836c000-7fc7f836d000 rw-p 00000000 00:00 0 
7fc7f836d000-7fc7f8375000 r-xp 00000000 08:05 1049045                    /usr/lib/jvm/java-7-openjdk-amd64/jre/lib/amd64/libzip.so
7fc7f8375000-7fc7f8574000 ---p 00008000 08:05 1049045                    /usr/lib/jvm/java-7-openjdk-amd64/jre/lib/amd64/libzip.so
7fc7f8574000-7fc7f8575000 r--p 00007000 08:05 1049045                    /usr/lib/jvm/java-7-openjdk-amd64/jre/lib/amd64/libzip.so
7fc7f8575000-7fc7f8576000 rw-p 00008000 08:05 1049045                    /usr/lib/jvm/java-7-openjdk-amd64/jre/lib/amd64/libzip.so
7fc7f8576000-7fc7f8581000 r-xp 00000000 08:05 656351                     /lib/x86_64-linux-gnu/libnss_files-2.19.so
7fc7f8581000-7fc7f8780000 ---p 0000b000 08:05 656351                     /lib/x86_64-linux-gnu/libnss_files-2.19.so
7fc7f8780000-7fc7f8781000 r--p 0000a000 08:05 656351                     /lib/x86_64-linux-gnu/libnss_files-2.19.so
7fc7f8781000-7fc7f8782000 rw-p 0000b000 08:05 656351                     /lib/x86_64-linux-gnu/libnss_files-2.19.so
7fc7f8782000-7fc7f878d000 r-xp 00000000 08:05 656415                     /lib/x86_64-linux-gnu/libnss_nis-2.19.so
7fc7f878d000-7fc7f898c000 ---p 0000b000 08:05 656415                     /lib/x86_64-linux-gnu/libnss_nis-2.19.so
7fc7f898c000-7fc7f898d000 r--p 0000a000 08:05 656415                     /lib/x86_64-linux-gnu/libnss_nis-2.19.so
7fc7f898d000-7fc7f898e000 rw-p 0000b000 08:05 656415                     /lib/x86_64-linux-gnu/libnss_nis-2.19.so
7fc7f898e000-7fc7f89a5000 r-xp 00000000 08:05 656373                     /lib/x86_64-linux-gnu/libnsl-2.19.so
7fc7f89a5000-7fc7f8ba4000 ---p 00017000 08:05 656373                     /lib/x86_64-linux-gnu/libnsl-2.19.so
7fc7f8ba4000-7fc7f8ba5000 r--p 00016000 08:05 656373                     /lib/x86_64-linux-gnu/libnsl-2.19.so
7fc7f8ba5000-7fc7f8ba6000 rw-p 00017000 08:05 656373                     /lib/x86_64-linux-gnu/libnsl-2.19.so
7fc7f8ba6000-7fc7f8ba8000 rw-p 00000000 00:00 0 
7fc7f8ba8000-7fc7f8bb1000 r-xp 00000000 08:05 656372                     /lib/x86_64-linux-gnu/libnss_compat-2.19.so
7fc7f8bb1000-7fc7f8db0000 ---p 00009000 08:05 656372                     /lib/x86_64-linux-gnu/libnss_compat-2.19.so
7fc7f8db0000-7fc7f8db1000 r--p 00008000 08:05 656372                     /lib/x86_64-linux-gnu/libnss_compat-2.19.so
7fc7f8db1000-7fc7f8db2000 rw-p 00009000 08:05 656372                     /lib/x86_64-linux-gnu/libnss_compat-2.19.so
7fc7f8db2000-7fc7f8ddd000 r-xp 00000000 08:05 1049017                    /usr/lib/jvm/java-7-openjdk-amd64/jre/lib/amd64/libjava.so
7fc7f8ddd000-7fc7f8fdd000 ---p 0002b000 08:05 1049017                    /usr/lib/jvm/java-7-openjdk-amd64/jre/lib/amd64/libjava.so
7fc7f8fdd000-7fc7f8fde000 r--p 0002b000 08:05 1049017                    /usr/lib/jvm/java-7-openjdk-amd64/jre/lib/amd64/libjava.so
7fc7f8fde000-7fc7f8fe0000 rw-p 0002c000 08:05 1049017                    /usr/lib/jvm/java-7-openjdk-amd64/jre/lib/amd64/libjava.so
7fc7f8fe0000-7fc7f8ff0000 r-xp 00000000 08:05 1049016                    /usr/lib/jvm/java-7-openjdk-amd64/jre/lib/amd64/libverify.so
7fc7f8ff0000-7fc7f91ef000 ---p 00010000 08:05 1049016                    /usr/lib/jvm/java-7-openjdk-amd64/jre/lib/amd64/libverify.so
7fc7f91ef000-7fc7f91f1000 r--p 0000f000 08:05 1049016                    /usr/lib/jvm/java-7-openjdk-amd64/jre/lib/amd64/libverify.so
7fc7f91f1000-7fc7f91f2000 rw-p 00011000 08:05 1049016                    /usr/lib/jvm/java-7-openjdk-amd64/jre/lib/amd64/libverify.so
7fc7f91f2000-7fc7f91f9000 r-xp 00000000 08:05 656412                     /lib/x86_64-linux-gnu/librt-2.19.so
7fc7f91f9000-7fc7f93f8000 ---p 00007000 08:05 656412                     /lib/x86_64-linux-gnu/librt-2.19.so
7fc7f93f8000-7fc7f93f9000 r--p 00006000 08:05 656412                     /lib/x86_64-linux-gnu/librt-2.19.so
7fc7f93f9000-7fc7f93fa000 rw-p 00007000 08:05 656412                     /lib/x86_64-linux-gnu/librt-2.19.so
7fc7f93fa000-7fc7f9410000 r-xp 00000000 08:05 659861                     /lib/x86_64-linux-gnu/libgcc_s.so.1
7fc7f9410000-7fc7f960f000 ---p 00016000 08:05 659861                     /lib/x86_64-linux-gnu/libgcc_s.so.1
7fc7f960f000-7fc7f9610000 rw-p 00015000 08:05 659861                     /lib/x86_64-linux-gnu/libgcc_s.so.1
7fc7f9610000-7fc7f9715000 r-xp 00000000 08:05 656350                     /lib/x86_64-linux-gnu/libm-2.19.so
7fc7f9715000-7fc7f9914000 ---p 00105000 08:05 656350                     /lib/x86_64-linux-gnu/libm-2.19.so
7fc7f9914000-7fc7f9915000 r--p 00104000 08:05 656350                     /lib/x86_64-linux-gnu/libm-2.19.so
7fc7f9915000-7fc7f9916000 rw-p 00105000 08:05 656350                     /lib/x86_64-linux-gnu/libm-2.19.so
7fc7f9916000-7fc7f99fc000 r-xp 00000000 08:05 928991                     /usr/lib/x86_64-linux-gnu/libstdc++.so.6.0.19
7fc7f99fc000-7fc7f9bfb000 ---p 000e6000 08:05 928991                     /usr/lib/x86_64-linux-gnu/libstdc++.so.6.0.19
7fc7f9bfb000-7fc7f9c03000 r--p 000e5000 08:05 928991                     /usr/lib/x86_64-linux-gnu/libstdc++.so.6.0.19
7fc7f9c03000-7fc7f9c05000 rw-p 000ed000 08:05 928991                     /usr/lib/x86_64-linux-gnu/libstdc++.so.6.0.19
7fc7f9c05000-7fc7f9c1a000 rw-p 00000000 00:00 0 
7fc7f9c1a000-7fc7fa732000 r-xp 00000000 08:05 1049025                    /usr/lib/jvm/java-7-openjdk-amd64/jre/lib/amd64/server/libjvm.so
7fc7fa732000-7fc7fa932000 ---p 00b18000 08:05 1049025                    /usr/lib/jvm/java-7-openjdk-amd64/jre/lib/amd64/server/libjvm.so
7fc7fa932000-7fc7fa9cc000 r--p 00b18000 08:05 1049025                    /usr/lib/jvm/java-7-openjdk-amd64/jre/lib/amd64/server/libjvm.so
7fc7fa9cc000-7fc7fa9ef000 rw-p 00bb2000 08:05 1049025                    /usr/lib/jvm/java-7-openjdk-amd64/jre/lib/amd64/server/libjvm.so
7fc7fa9ef000-7fc7faa1d000 rw-p 00000000 00:00 0 
7fc7faa1d000-7fc7faa35000 r-xp 00000000 08:05 659998                     /lib/x86_64-linux-gnu/libz.so.1.2.8
7fc7faa35000-7fc7fac34000 ---p 00018000 08:05 659998                     /lib/x86_64-linux-gnu/libz.so.1.2.8
7fc7fac34000-7fc7fac35000 r--p 00017000 08:05 659998                     /lib/x86_64-linux-gnu/libz.so.1.2.8
7fc7fac35000-7fc7fac36000 rw-p 00018000 08:05 659998                     /lib/x86_64-linux-gnu/libz.so.1.2.8
7fc7fac36000-7fc7fac4f000 r-xp 00000000 08:05 656402                     /lib/x86_64-linux-gnu/libpthread-2.19.so
7fc7fac4f000-7fc7fae4e000 ---p 00019000 08:05 656402                     /lib/x86_64-linux-gnu/libpthread-2.19.so
7fc7fae4e000-7fc7fae4f000 r--p 00018000 08:05 656402                     /lib/x86_64-linux-gnu/libpthread-2.19.so
7fc7fae4f000-7fc7fae50000 rw-p 00019000 08:05 656402                     /lib/x86_64-linux-gnu/libpthread-2.19.so
7fc7fae50000-7fc7fae54000 rw-p 00000000 00:00 0 
7fc7fae54000-7fc7fae57000 r-xp 00000000 08:05 656354                     /lib/x86_64-linux-gnu/libdl-2.19.so
7fc7fae57000-7fc7fb056000 ---p 00003000 08:05 656354                     /lib/x86_64-linux-gnu/libdl-2.19.so
7fc7fb056000-7fc7fb057000 r--p 00002000 08:05 656354                     /lib/x86_64-linux-gnu/libdl-2.19.so
7fc7fb057000-7fc7fb058000 rw-p 00003000 08:05 656354                     /lib/x86_64-linux-gnu/libdl-2.19.so
7fc7fb058000-7fc7fb213000 r-xp 00000000 08:05 656401                     /lib/x86_64-linux-gnu/libc-2.19.so
7fc7fb213000-7fc7fb412000 ---p 001bb000 08:05 656401                     /lib/x86_64-linux-gnu/libc-2.19.so
7fc7fb412000-7fc7fb416000 r--p 001ba000 08:05 656401                     /lib/x86_64-linux-gnu/libc-2.19.so
7fc7fb416000-7fc7fb418000 rw-p 001be000 08:05 656401                     /lib/x86_64-linux-gnu/libc-2.19.so
7fc7fb418000-7fc7fb41d000 rw-p 00000000 00:00 0 
7fc7fb41d000-7fc7fb42a000 r-xp 00000000 08:05 1048997                    /usr/lib/jvm/java-7-openjdk-amd64/jre/lib/amd64/jli/libjli.so
7fc7fb42a000-7fc7fb629000 ---p 0000d000 08:05 1048997                    /usr/lib/jvm/java-7-openjdk-amd64/jre/lib/amd64/jli/libjli.so
7fc7fb629000-7fc7fb62a000 r--p 0000c000 08:05 1048997                    /usr/lib/jvm/java-7-openjdk-amd64/jre/lib/amd64/jli/libjli.so
7fc7fb62a000-7fc7fb62b000 rw-p 0000d000 08:05 1048997                    /usr/lib/jvm/java-7-openjdk-amd64/jre/lib/amd64/jli/libjli.so
7fc7fb62b000-7fc7fb64e000 r-xp 00000000 08:05 656377                     /lib/x86_64-linux-gnu/ld-2.19.so
7fc7fb64e000-7fc7fb670000 rw-p 00000000 00:00 0 
7fc7fb670000-7fc7fb726000 rw-p 00000000 00:00 0 
7fc7fb726000-7fc7fb729000 ---p 00000000 00:00 0 
7fc7fb729000-7fc7fb82c000 rw-p 00000000 00:00 0                          [stack:6457]
7fc7fb82d000-7fc7fb82e000 rw-p 00000000 00:00 0 
7fc7fb82e000-7fc7fb831000 r--s 0000f000 08:05 1048971                    /usr/lib/jvm/java-7-openjdk-amd64/jre/lib/ext/icedtea-sound.jar
7fc7fb831000-7fc7fb832000 r--s 00002000 08:05 1048977                    /usr/lib/jvm/java-7-openjdk-amd64/jre/lib/ext/dnsns.jar
7fc7fb832000-7fc7fb836000 r--s 00034000 08:05 1048973                    /usr/lib/jvm/java-7-openjdk-amd64/jre/lib/ext/sunjce_provider.jar
7fc7fb836000-7fc7fb838000 r--s 00012000 08:05 1048976                    /usr/lib/jvm/java-7-openjdk-amd64/jre/lib/ext/zipfs.jar
7fc7fb838000-7fc7fb83c000 r--s 0003c000 08:05 1048972                    /usr/lib/jvm/java-7-openjdk-amd64/jre/lib/ext/sunpkcs11.jar
7fc7fb83c000-7fc7fb83e000 r--s 00006000 08:05 1321516                    /usr/share/java/java-atk-wrapper.jar
7fc7fb83e000-7fc7fb841000 r--s 00086000 08:05 1048978                    /usr/lib/jvm/java-7-openjdk-amd64/jre/lib/ext/localedata.jar
7fc7fb841000-7fc7fb849000 rw-s 00000000 08:05 659922                     /tmp/hsperfdata_mastrgamr/6447
7fc7fb849000-7fc7fb84a000 rw-p 00000000 00:00 0 
7fc7fb84a000-7fc7fb84b000 ---p 00000000 00:00 0 
7fc7fb84b000-7fc7fb84d000 rw-p 00000000 00:00 0 
7fc7fb84d000-7fc7fb84e000 r--p 00022000 08:05 656377                     /lib/x86_64-linux-gnu/ld-2.19.so
7fc7fb84e000-7fc7fb84f000 rw-p 00023000 08:05 656377                     /lib/x86_64-linux-gnu/ld-2.19.so
7fc7fb84f000-7fc7fb850000 rw-p 00000000 00:00 0 
7fffdeeca000-7fffdeeeb000 rw-p 00000000 00:00 0                          [stack]
7fffdef9d000-7fffdef9f000 r-xp 00000000 00:00 0                          [vdso]
ffffffffff600000-ffffffffff601000 r-xp 00000000 00:00 0                  [vsyscall]

VM Arguments:
jvm_args: -Xmx1024M 
java_command: /home/mastrgamr/Documents/android-sdk/build-tools/21.1.2/lib/dx.jar --dex --no-optimize --output /home/mastrgamr/Copy/workspace/AndroidProjects/MTAPulse/app/build/intermediates/dex/debug --input-list=/home/mastrgamr/Copy/workspace/AndroidProjects/MTAPulse/app/build/intermediates/tmp/dex/debug/inputList.txt
Launcher Type: SUN_STANDARD

Environment Variables:
JAVA_HOME=/home/mastrgamr/Documents/jdk1.8.0_40
CLASSPATH=/home/mastrgamr/Documents/android-studio/bin/../lib/bootstrap.jar:/home/mastrgamr/Documents/android-studio/bin/../lib/extensions.jar:/home/mastrgamr/Documents/android-studio/bin/../lib/util.jar:/home/mastrgamr/Documents/android-studio/bin/../lib/jdom.jar:/home/mastrgamr/Documents/android-studio/bin/../lib/log4j.jar:/home/mastrgamr/Documents/android-studio/bin/../lib/trove4j.jar:/home/mastrgamr/Documents/android-studio/bin/../lib/jna.jar:/home/mastrgamr/Documents/jdk1.8.0_40/lib/tools.jar
PATH=/usr/local/sbin:/usr/local/bin:/usr/sbin:/usr/bin:/sbin:/bin:/usr/games:/usr/local/games
USERNAME=mastrgamr
LD_LIBRARY_PATH=/home/mastrgamr/Documents/android-studio/bin:
SHELL=/bin/bash
DISPLAY=:0.0

Signal Handlers:
SIGSEGV: [libjvm.so+0x94b4b0], sa_mask[0]=0x7ffbfeff, sa_flags=0x10000004
SIGBUS: [libjvm.so+0x94b4b0], sa_mask[0]=0x7ffbfeff, sa_flags=0x10000004
SIGFPE: [libjvm.so+0x7c3390], sa_mask[0]=0x7ffbfeff, sa_flags=0x10000004
SIGPIPE: [libjvm.so+0x7c3390], sa_mask[0]=0x7ffbfeff, sa_flags=0x10000004
SIGXFSZ: [libjvm.so+0x7c3390], sa_mask[0]=0x7ffbfeff, sa_flags=0x10000004
SIGILL: [libjvm.so+0x7c3390], sa_mask[0]=0x7ffbfeff, sa_flags=0x10000004
SIGUSR1: SIG_DFL, sa_mask[0]=0x00000000, sa_flags=0x00000000
SIGUSR2: [libjvm.so+0x7c3230], sa_mask[0]=0x00000004, sa_flags=0x10000004
SIGHUP: [libjvm.so+0x7c3410], sa_mask[0]=0x7ffbfeff, sa_flags=0x10000004
SIGINT: [libjvm.so+0x7c3410], sa_mask[0]=0x7ffbfeff, sa_flags=0x10000004
SIGTERM: [libjvm.so+0x7c3410], sa_mask[0]=0x7ffbfeff, sa_flags=0x10000004
SIGQUIT: [libjvm.so+0x7c3410], sa_mask[0]=0x7ffbfeff, sa_flags=0x10000004
SIGTRAP: SIG_DFL, sa_mask[0]=0x00000000, sa_flags=0x00000000


---------------  S Y S T E M  ---------------

OS:LinuxMint 17.1 (rebecca)
uname:Linux 3.13.0-37-generic #64-Ubuntu SMP Mon Sep 22 21:28:38 UTC 2014 x86_64
libc:glibc 2.19 NPTL 2.19 
rlimit: STACK 8192k, CORE 0k, NPROC 29990, NOFILE 4096, AS infinity
load average:13.92 12.20 6.22

/proc/meminfo:
MemTotal:        3934592 kB
MemFree:          127948 kB
Buffers:             544 kB
Cached:           762868 kB
SwapCached:            0 kB
Active:          3152056 kB
Inactive:         509852 kB
Active(anon):    3149276 kB
Inactive(anon):   500304 kB
Active(file):       2780 kB
Inactive(file):     9548 kB
Unevictable:           0 kB
Mlocked:               0 kB
SwapTotal:             0 kB
SwapFree:              0 kB
Dirty:               212 kB
Writeback:             0 kB
AnonPages:       2898520 kB
Mapped:           184532 kB
Shmem:            751060 kB
Slab:              60788 kB
SReclaimable:      33952 kB
SUnreclaim:        26836 kB
KernelStack:        3648 kB
PageTables:        25444 kB
NFS_Unstable:          0 kB
Bounce:                0 kB
WritebackTmp:          0 kB
CommitLimit:     1967296 kB
Committed_AS:    6469556 kB
VmallocTotal:   34359738367 kB
VmallocUsed:      350524 kB
VmallocChunk:   34359377508 kB
HardwareCorrupted:     0 kB
AnonHugePages:   1507328 kB
HugePages_Total:       0
HugePages_Free:        0
HugePages_Rsvd:        0
HugePages_Surp:        0
Hugepagesize:       2048 kB
DirectMap4k:       71420 kB
DirectMap2M:     4009984 kB


CPU:total 2 (2 cores per cpu, 1 threads per core) family 6 model 58 stepping 9, cmov, cx8, fxsr, mmx, sse, sse2, sse3, ssse3, sse4.1, sse4.2, popcnt, erms, tsc, tscinvbit, tscinv

/proc/cpuinfo:
processor	: 0
vendor_id	: GenuineIntel
cpu family	: 6
model		: 58
model name	: Intel(R) Pentium(R) CPU 2117U @ 1.80GHz
stepping	: 9
microcode	: 0x19
cpu MHz		: 1800.000
cache size	: 2048 KB
physical id	: 0
siblings	: 2
core id		: 0
cpu cores	: 2
apicid		: 0
initial apicid	: 0
fpu		: yes
fpu_exception	: yes
cpuid level	: 13
wp		: yes
flags		: fpu vme de pse tsc msr pae mce cx8 apic sep mtrr pge mca cmov pat pse36 clflush dts acpi mmx fxsr sse sse2 ss ht tm pbe syscall nx rdtscp lm constant_tsc arch_perfmon pebs bts rep_good nopl xtopology nonstop_tsc aperfmperf eagerfpu pni pclmulqdq dtes64 monitor ds_cpl vmx est tm2 ssse3 cx16 xtpr pdcm pcid sse4_1 sse4_2 x2apic popcnt tsc_deadline_timer xsave lahf_lm arat epb xsaveopt pln pts dtherm tpr_shadow vnmi flexpriority ept vpid fsgsbase smep erms
bogomips	: 3591.78
clflush size	: 64
cache_alignment	: 64
address sizes	: 36 bits physical, 48 bits virtual
power management:

processor	: 1
vendor_id	: GenuineIntel
cpu family	: 6
model		: 58
model name	: Intel(R) Pentium(R) CPU 2117U @ 1.80GHz
stepping	: 9
microcode	: 0x19
cpu MHz		: 1800.000
cache size	: 2048 KB
physical id	: 0
siblings	: 2
core id		: 1
cpu cores	: 2
apicid		: 2
initial apicid	: 2
fpu		: yes
fpu_exception	: yes
cpuid level	: 13
wp		: yes
flags		: fpu vme de pse tsc msr pae mce cx8 apic sep mtrr pge mca cmov pat pse36 clflush dts acpi mmx fxsr sse sse2 ss ht tm pbe syscall nx rdtscp lm constant_tsc arch_perfmon pebs bts rep_good nopl xtopology nonstop_tsc aperfmperf eagerfpu pni pclmulqdq dtes64 monitor ds_cpl vmx est tm2 ssse3 cx16 xtpr pdcm pcid sse4_1 sse4_2 x2apic popcnt tsc_deadline_timer xsave lahf_lm arat epb xsaveopt pln pts dtherm tpr_shadow vnmi flexpriority ept vpid fsgsbase smep erms
bogomips	: 3591.78
clflush size	: 64
cache_alignment	: 64
address sizes	: 36 bits physical, 48 bits virtual
power management:



Memory: 4k page, physical 3934592k(126328k free), swap 0k(0k free)

vm_info: OpenJDK 64-Bit Server VM (24.75-b04) for linux-amd64 JRE (1.7.0_75-b13), built on Jan 27 2015 00:38:59 by "buildd" with gcc 4.8.2

time: Thu Mar 12 15:37:10 2015
elapsed time: 29 seconds

